<?xml version="1.0" encoding="UTF-8"?>
<testsuite name="com.backend.shopping.integration.CartIntegrationTest" tests="1" skipped="1" failures="0" errors="0" timestamp="2025-08-20T07:45:02.277Z" hostname="DESKTOP-TC3SV48" time="0.0">
  <properties/>
  <testcase name="장바구니 전체 플로우 테스트" classname="com.backend.shopping.integration.CartIntegrationTest" time="0.0">
    <skipped/>
  </testcase>
  <system-out><![CDATA[]]></system-out>
  <system-err><![CDATA[]]></system-err>
</testsuite>
