<?xml version="1.0" encoding="UTF-8"?>
<testsuite name="com.backend.shopping.service.CartServiceTest" tests="9" skipped="9" failures="0" errors="0" timestamp="2025-08-20T07:45:02.280Z" hostname="DESKTOP-TC3SV48" time="0.001">
  <properties/>
  <testcase name="장바구니 전체 비우기 성공" classname="com.backend.shopping.service.CartServiceTest" time="0.0">
    <skipped/>
  </testcase>
  <testcase name="장바구니에 새 상품 추가 성공" classname="com.backend.shopping.service.CartServiceTest" time="0.0">
    <skipped/>
  </testcase>
  <testcase name="장바구니 아이템 수 조회" classname="com.backend.shopping.service.CartServiceTest" time="0.0">
    <skipped/>
  </testcase>
  <testcase name="장바구니 아이템 제거 성공" classname="com.backend.shopping.service.CartServiceTest" time="0.0">
    <skipped/>
  </testcase>
  <testcase name="장바구니 아이템 수량 수정 성공" classname="com.backend.shopping.service.CartServiceTest" time="0.0">
    <skipped/>
  </testcase>
  <testcase name="내 장바구니 조회 성공" classname="com.backend.shopping.service.CartServiceTest" time="0.0">
    <skipped/>
  </testcase>
  <testcase name="재고 부족 시 장바구니 추가 실패" classname="com.backend.shopping.service.CartServiceTest" time="0.0">
    <skipped/>
  </testcase>
  <testcase name="장바구니에 기존 상품 추가 - 수량 증가" classname="com.backend.shopping.service.CartServiceTest" time="0.0">
    <skipped/>
  </testcase>
  <testcase name="권한 없는 사용자의 장바구니 아이템 수정 시도" classname="com.backend.shopping.service.CartServiceTest" time="0.0">
    <skipped/>
  </testcase>
  <system-out><![CDATA[]]></system-out>
  <system-err><![CDATA[]]></system-err>
</testsuite>
